2015-11-18 08:10:38,940 INFO  [org.xnio.nio] (MSC service thread 1-11) XNIO NIO Implementation Version 3.3.0.Final
2015-11-18 08:10:39,679 INFO  [org.jboss.as.jsf] (ServerService Thread Pool -- 42) JBAS012615: Activated the following JSF Implementations: [main]
2015-11-18 08:10:39,324 INFO  [org.jboss.as.connector.logging] (MSC service thread 1-16) JBAS010408: Starting JCA Subsystem (IronJacamar 1.1.9.Final)
2015-11-18 08:10:39,322 INFO  [org.wildfly.extension.undertow] (MSC service thread 1-13) JBAS017502: Undertow 1.1.8.Final starting
2015-11-18 08:10:39,322 INFO  [org.wildfly.extension.undertow] (ServerService Thread Pool -- 53) JBAS017502: Undertow 1.1.8.Final starting
2015-11-18 08:10:39,290 INFO  [org.jboss.as.naming] (ServerService Thread Pool -- 46) JBAS011800: Activating Naming Subsystem
2015-11-18 08:10:39,001 INFO  [org.wildfly.extension.io] (ServerService Thread Pool -- 34) WFLYIO001: Worker 'default' has auto-configured to 16 core threads with 128 task threads based on your 8 available processors
2015-11-18 08:10:38,965 INFO  [org.jboss.as.jacorb] (ServerService Thread Pool -- 36) JBAS016300: Activating JacORB Subsystem
2015-11-18 08:10:38,952 INFO  [org.jboss.as.webservices] (ServerService Thread Pool -- 54) JBAS015537: Activating WebServices Extension
2015-11-18 08:10:38,948 INFO  [org.jboss.as.security] (ServerService Thread Pool -- 51) JBAS013171: Activating Security Subsystem
2015-11-18 08:10:38,948 WARN  [org.jboss.as.txn] (ServerService Thread Pool -- 52) JBAS010153: Node identifier property is set to the default value. Please make sure it is unique.
2015-11-18 08:10:38,941 INFO  [org.jboss.as.clustering.infinispan] (ServerService Thread Pool -- 35) JBAS010280: Activating Infinispan subsystem.
2015-11-18 08:10:39,928 INFO  [org.jboss.as.security] (MSC service thread 1-5) JBAS013170: Current PicketBox version=4.0.21.Final
2015-11-18 08:10:39,890 INFO  [org.jboss.as.mail.extension] (MSC service thread 1-6) JBAS015400: Bound mail session [java:jboss/mail/Default]
2015-11-18 08:10:39,890 INFO  [org.jboss.as.naming] (MSC service thread 1-1) JBAS011802: Starting Naming Service
2015-11-18 08:10:39,812 INFO  [org.jboss.remoting] (MSC service thread 1-11) JBoss Remoting version 4.0.7.Final
2015-11-18 08:10:40,782 INFO  [org.jboss.as.connector.subsystems.datasources] (ServerService Thread Pool -- 30) JBAS010403: Deploying JDBC-compliant driver class org.h2.Driver (version 1.3)
2015-11-18 08:10:40,805 INFO  [org.jboss.as.connector.deployers.jdbc] (MSC service thread 1-8) JBAS010417: Started Driver service with driver-name = h2
2015-11-18 08:10:41,016 INFO  [org.jboss.as.connector.subsystems.datasources] (ServerService Thread Pool -- 30) JBAS010404: Deploying non-JDBC-compliant driver class com.mysql.jdbc.Driver (version 5.1)
2015-11-18 08:10:41,034 INFO  [org.jboss.as.connector.deployers.jdbc] (MSC service thread 1-5) JBAS010417: Started Driver service with driver-name = mysqlDriver
2015-11-18 08:10:41,181 INFO  [org.jboss.as.jacorb] (MSC service thread 1-13) JBAS016330: CORBA ORB Service started
2015-11-18 08:10:41,307 INFO  [org.wildfly.extension.undertow] (ServerService Thread Pool -- 53) JBAS017527: Creating file handler for path /media/thibault.boksebeld/TOSHIBA EXT/PROJET JEE/lekol/Server/wildfly-8.2.1/welcome-content
2015-11-18 08:10:41,416 INFO  [org.wildfly.extension.undertow] (MSC service thread 1-11) JBAS017525: Started server default-server.
2015-11-18 08:10:41,416 INFO  [org.jboss.as.jacorb] (MSC service thread 1-10) JBAS016328: CORBA Naming Service started
2015-11-18 08:10:41,482 INFO  [org.wildfly.extension.undertow] (MSC service thread 1-11) JBAS017531: Host default-host starting
2015-11-18 08:10:41,534 INFO  [org.wildfly.extension.undertow] (MSC service thread 1-2) JBAS017519: Undertow HTTP listener default listening on localhost/127.0.0.1:8080
2015-11-18 08:10:41,618 INFO  [org.jboss.as.connector.subsystems.datasources] (MSC service thread 1-7) JBAS010400: Bound data source [java:jboss/datasources/ExampleDS]
2015-11-18 08:10:41,618 INFO  [org.jboss.as.connector.subsystems.datasources] (MSC service thread 1-9) JBAS010400: Bound data source [java:/mysql]
2015-11-18 08:10:41,914 INFO  [org.jboss.as.server.deployment] (MSC service thread 1-5) JBAS015876: Starting deployment of "SampleEJBProject.jar" (runtime-name: "SampleEJBProject.jar")
2015-11-18 08:10:41,914 INFO  [org.jboss.as.server.deployment] (MSC service thread 1-14) JBAS015876: Starting deployment of "EmployeeApp.war" (runtime-name: "EmployeeApp.war")
2015-11-18 08:10:41,914 INFO  [org.jboss.as.server.deployment] (MSC service thread 1-6) JBAS015876: Starting deployment of "lekol_ear.ear" (runtime-name: "lekol_ear.ear")
2015-11-18 08:10:41,961 INFO  [org.jboss.as.server.deployment.scanner] (MSC service thread 1-3) JBAS015012: Started FileSystemDeploymentService for directory /media/thibault.boksebeld/TOSHIBA EXT/PROJET JEE/lekol/Server/wildfly-8.2.1/standalone/deployments
2015-11-18 08:10:42,174 INFO  [org.hornetq.core.server] (ServerService Thread Pool -- 56) HQ221000: live server is starting with configuration HornetQ Configuration (clustered=false,backup=false,sharedStore=true,journalDirectory=/media/thibault.boksebeld/TOSHIBA EXT/PROJET JEE/lekol/Server/wildfly-8.2.1/standalone/data/messagingjournal,bindingsDirectory=/media/thibault.boksebeld/TOSHIBA EXT/PROJET JEE/lekol/Server/wildfly-8.2.1/standalone/data/messagingbindings,largeMessagesDirectory=/media/thibault.boksebeld/TOSHIBA EXT/PROJET JEE/lekol/Server/wildfly-8.2.1/standalone/data/messaginglargemessages,pagingDirectory=/media/thibault.boksebeld/TOSHIBA EXT/PROJET JEE/lekol/Server/wildfly-8.2.1/standalone/data/messagingpaging)
2015-11-18 08:10:42,184 INFO  [org.hornetq.core.server] (ServerService Thread Pool -- 56) HQ221006: Waiting to obtain live lock
2015-11-18 08:10:42,284 INFO  [org.hornetq.core.server] (ServerService Thread Pool -- 56) HQ221012: Using AIO Journal
2015-11-18 08:10:42,422 INFO  [io.netty.util.internal.PlatformDependent] (ServerService Thread Pool -- 56) Your platform does not provide complete low-level API for accessing direct buffers reliably. Unless explicitly requested, heap buffer will always be preferred to avoid potential system unstability.
2015-11-18 08:10:42,467 INFO  [org.hornetq.core.server] (ServerService Thread Pool -- 56) HQ221043: Adding protocol support CORE
2015-11-18 08:10:42,494 INFO  [org.jboss.as.server.deployment] (MSC service thread 1-14) JBAS015973: Starting subdeployment (runtime-name: "lekol_ejb.jar")
2015-11-18 08:10:42,494 INFO  [org.jboss.as.server.deployment] (MSC service thread 1-3) JBAS015973: Starting subdeployment (runtime-name: "lekol_web.war")
2015-11-18 08:10:42,711 INFO  [org.hornetq.core.server] (ServerService Thread Pool -- 56) HQ221043: Adding protocol support AMQP
2015-11-18 08:10:42,730 INFO  [org.hornetq.core.server] (ServerService Thread Pool -- 56) HQ221043: Adding protocol support STOMP
2015-11-18 08:10:42,995 INFO  [org.hornetq.core.server] (ServerService Thread Pool -- 56) HQ221034: Waiting to obtain live lock
2015-11-18 08:10:42,996 INFO  [org.hornetq.core.server] (ServerService Thread Pool -- 56) HQ221035: Live Server Obtained live lock
2015-11-18 08:10:43,066 INFO  [org.jboss.ws.common.management] (MSC service thread 1-10) JBWS022052: Starting JBoss Web Services - Stack CXF Server 4.3.2.Final
2015-11-18 08:10:43,467 INFO  [org.jboss.as.jpa] (MSC service thread 1-12) JBAS011401: Read persistence.xml for lekol_jpa
2015-11-18 08:10:43,478 INFO  [org.jboss.weld.deployer] (MSC service thread 1-5) JBAS016002: Processing weld deployment SampleEJBProject.jar
2015-11-18 08:10:43,771 INFO  [org.jboss.messaging] (MSC service thread 1-4) JBAS011615: Registered HTTP upgrade for hornetq-remoting protocol handled by http-acceptor-throughput acceptor
2015-11-18 08:10:43,771 INFO  [org.jboss.messaging] (MSC service thread 1-13) JBAS011615: Registered HTTP upgrade for hornetq-remoting protocol handled by http-acceptor acceptor
2015-11-18 08:10:43,869 INFO  [org.hornetq.core.server] (ServerService Thread Pool -- 56) HQ221007: Server is now live
2015-11-18 08:10:43,877 INFO  [org.hornetq.core.server] (ServerService Thread Pool -- 56) HQ221001: HornetQ Server version 2.4.5.FINAL (Wild Hornet, 124) [08d71b4f-4fe8-11e5-b2aa-59bbbc3d6822] 
2015-11-18 08:10:43,889 INFO  [org.jboss.as.messaging] (ServerService Thread Pool -- 56) JBAS011601: Bound messaging object to jndi name java:/ConnectionFactory
2015-11-18 08:10:43,946 INFO  [org.jboss.as.connector.deployment] (MSC service thread 1-6) JBAS010406: Registered connection factory java:/JmsXA
2015-11-18 08:10:44,020 INFO  [org.hornetq.core.server] (ServerService Thread Pool -- 59) HQ221003: trying to deploy queue jms.queue.DLQ
2015-11-18 08:10:44,027 INFO  [org.jboss.as.messaging] (ServerService Thread Pool -- 59) JBAS011601: Bound messaging object to jndi name java:/jms/queue/DLQ
2015-11-18 08:10:44,038 INFO  [org.hornetq.core.server] (ServerService Thread Pool -- 58) HQ221003: trying to deploy queue jms.queue.ExpiryQueue
2015-11-18 08:10:44,054 INFO  [org.jboss.as.jpa] (MSC service thread 1-7) JBAS011401: Read persistence.xml for EmployeeApp
2015-11-18 08:10:44,054 INFO  [org.jboss.as.messaging] (ServerService Thread Pool -- 58) JBAS011601: Bound messaging object to jndi name java:/jms/queue/ExpiryQueue
2015-11-18 08:10:44,055 INFO  [org.jboss.as.messaging] (ServerService Thread Pool -- 57) JBAS011601: Bound messaging object to jndi name java:jboss/exported/jms/RemoteConnectionFactory
2015-11-18 08:10:44,060 INFO  [org.hornetq.ra] (MSC service thread 1-6) HornetQ resource adaptor started
2015-11-18 08:10:44,069 INFO  [org.jboss.as.connector.services.resourceadapters.ResourceAdapterActivatorService$ResourceAdapterActivator] (MSC service thread 1-6) IJ020002: Deployed: file://RaActivatorhornetq-ra
2015-11-18 08:10:44,083 INFO  [org.jboss.as.connector.deployment] (MSC service thread 1-8) JBAS010401: Bound JCA ConnectionFactory [java:/JmsXA]
2015-11-18 08:10:44,084 INFO  [org.jboss.as.messaging] (MSC service thread 1-13) JBAS011601: Bound messaging object to jndi name java:jboss/DefaultJMSConnectionFactory
2015-11-18 08:10:44,166 INFO  [org.jboss.as.jpa] (ServerService Thread Pool -- 57) JBAS011409: Starting Persistence Unit (phase 1 of 2) Service 'lekol_ear.ear#lekol_jpa'
2015-11-18 08:10:44,245 INFO  [org.hibernate.jpa.internal.util.LogHelper] (ServerService Thread Pool -- 57) HHH000204: Processing PersistenceUnitInfo [
	name: lekol_jpa
	...]
2015-11-18 08:10:44,269 INFO  [org.hibernate.validator.internal.util.Version] (MSC service thread 1-5) HV000001: Hibernate Validator 5.1.3.Final
2015-11-18 08:10:44,428 INFO  [org.jboss.as.ejb3.deployment.processors.EjbJndiBindingsDeploymentUnitProcessor] (MSC service thread 1-5) JNDI bindings for session bean named SampleEJB in deployment unit deployment "SampleEJBProject.jar" are as follows:

	java:global/SampleEJBProject/SampleEJB!ejb.SampleEJBLocal
	java:app/SampleEJBProject/SampleEJB!ejb.SampleEJBLocal
	java:module/SampleEJB!ejb.SampleEJBLocal
	java:global/SampleEJBProject/SampleEJB
	java:app/SampleEJBProject/SampleEJB
	java:module/SampleEJB

2015-11-18 08:10:44,429 INFO  [org.jboss.as.jpa] (ServerService Thread Pool -- 58) JBAS011409: Starting Persistence Unit (phase 1 of 2) Service 'EmployeeApp.war#EmployeeApp'
2015-11-18 08:10:44,430 INFO  [org.hibernate.jpa.internal.util.LogHelper] (ServerService Thread Pool -- 58) HHH000204: Processing PersistenceUnitInfo [
	name: EmployeeApp
	...]
2015-11-18 08:10:44,617 INFO  [org.hibernate.Version] (ServerService Thread Pool -- 57) HHH000412: Hibernate Core {4.3.7.Final}
2015-11-18 08:10:44,618 INFO  [org.jboss.weld.deployer] (MSC service thread 1-3) JBAS016005: Starting Services for CDI deployment: SampleEJBProject.jar
2015-11-18 08:10:44,619 INFO  [org.hibernate.cfg.Environment] (ServerService Thread Pool -- 57) HHH000206: hibernate.properties not found
2015-11-18 08:10:44,633 INFO  [org.hibernate.cfg.Environment] (ServerService Thread Pool -- 57) HHH000021: Bytecode provider name : javassist
2015-11-18 08:10:44,784 INFO  [org.jboss.weld.Version] (MSC service thread 1-3) WELD-000900: 2.2.6 (Final)
2015-11-18 08:10:44,809 INFO  [org.jboss.weld.deployer] (MSC service thread 1-8) JBAS016008: Starting weld service for deployment SampleEJBProject.jar
2015-11-18 08:10:44,943 INFO  [org.jboss.weld.deployer] (MSC service thread 1-5) JBAS016002: Processing weld deployment EmployeeApp.war
2015-11-18 08:10:44,972 INFO  [org.jboss.as.jpa] (ServerService Thread Pool -- 58) JBAS011409: Starting Persistence Unit (phase 2 of 2) Service 'lekol_ear.ear#lekol_jpa'
2015-11-18 08:10:45,069 INFO  [org.jboss.as.ejb3.deployment.processors.EjbJndiBindingsDeploymentUnitProcessor] (MSC service thread 1-5) JNDI bindings for session bean named EmployeeServiceImpl in deployment unit deployment "EmployeeApp.war" are as follows:

	java:global/EmployeeApp/EmployeeServiceImpl!com.ejb.services.EmployeeService
	java:app/EmployeeApp/EmployeeServiceImpl!com.ejb.services.EmployeeService
	java:module/EmployeeServiceImpl!com.ejb.services.EmployeeService
	java:global/EmployeeApp/EmployeeServiceImpl
	java:app/EmployeeApp/EmployeeServiceImpl
	java:module/EmployeeServiceImpl

2015-11-18 08:10:45,460 INFO  [org.hibernate.annotations.common.Version] (ServerService Thread Pool -- 58) HCANN000001: Hibernate Commons Annotations {4.0.4.Final}
2015-11-18 08:10:45,610 INFO  [org.jboss.weld.deployer] (MSC service thread 1-10) JBAS016005: Starting Services for CDI deployment: EmployeeApp.war
2015-11-18 08:10:45,617 INFO  [org.jboss.weld.deployer] (MSC service thread 1-4) JBAS016008: Starting weld service for deployment EmployeeApp.war
2015-11-18 08:10:45,623 INFO  [org.jboss.as.jpa] (ServerService Thread Pool -- 57) JBAS011409: Starting Persistence Unit (phase 2 of 2) Service 'EmployeeApp.war#EmployeeApp'
2015-11-18 08:10:45,738 INFO  [org.hibernate.dialect.Dialect] (ServerService Thread Pool -- 58) HHH000400: Using dialect: org.hibernate.dialect.H2Dialect
2015-11-18 08:10:45,760 WARN  [org.hibernate.dialect.H2Dialect] (ServerService Thread Pool -- 58) HHH000431: Unable to determine H2 database version, certain features may not work
2015-11-18 08:10:45,861 INFO  [org.hibernate.hql.internal.ast.ASTQueryTranslatorFactory] (ServerService Thread Pool -- 58) HHH000397: Using ASTQueryTranslatorFactory
2015-11-18 08:10:46,230 INFO  [javax.enterprise.resource.webcontainer.jsf.config] (MSC service thread 1-15) Initialisation de Mojarra 2.2.8-jbossorg-1 20140822-1131 pour le contexte «/lekol_web»
2015-11-18 08:10:46,319 INFO  [org.hibernate.dialect.Dialect] (ServerService Thread Pool -- 57) HHH000400: Using dialect: org.hibernate.dialect.MySQL5Dialect
2015-11-18 08:10:46,361 INFO  [org.hibernate.hql.internal.ast.ASTQueryTranslatorFactory] (ServerService Thread Pool -- 57) HHH000397: Using ASTQueryTranslatorFactory
2015-11-18 08:10:46,798 INFO  [javax.enterprise.resource.webcontainer.jsf.config] (MSC service thread 1-9) Initialisation de Mojarra 2.2.8-jbossorg-1 20140822-1131 pour le contexte «/EmployeeApp»
2015-11-18 08:10:47,358 INFO  [org.primefaces.webapp.PostConstructApplicationEventListener] (MSC service thread 1-15) Running on PrimeFaces 5.1
2015-11-18 08:10:47,373 INFO  [org.wildfly.extension.undertow] (MSC service thread 1-15) JBAS017534: Registered web context: /lekol_web
2015-11-18 08:10:47,415 INFO  [org.primefaces.webapp.PostConstructApplicationEventListener] (MSC service thread 1-9) Running on PrimeFaces 5.1
2015-11-18 08:10:47,415 INFO  [org.wildfly.extension.undertow] (MSC service thread 1-9) JBAS017534: Registered web context: /EmployeeApp
2015-11-18 08:10:47,474 INFO  [org.jboss.as.server] (ServerService Thread Pool -- 31) JBAS018559: Deployed "SampleEJBProject.jar" (runtime-name : "SampleEJBProject.jar")
2015-11-18 08:10:47,475 INFO  [org.jboss.as.server] (ServerService Thread Pool -- 31) JBAS018559: Deployed "lekol_ear.ear" (runtime-name : "lekol_ear.ear")
2015-11-18 08:10:47,475 INFO  [org.jboss.as.server] (ServerService Thread Pool -- 31) JBAS018559: Deployed "EmployeeApp.war" (runtime-name : "EmployeeApp.war")
2015-11-18 08:10:47,815 INFO  [org.jboss.as] (Controller Boot Thread) JBAS015961: Http management interface listening on http://127.0.0.1:9990/management
2015-11-18 08:10:47,815 INFO  [org.jboss.as] (Controller Boot Thread) JBAS015951: Admin console listening on http://127.0.0.1:9990
2015-11-18 08:10:47,816 INFO  [org.jboss.as] (Controller Boot Thread) JBAS015874: WildFly 8.2.1.Final "Tweek" started in 17379ms - Started 557 of 633 services (139 services are lazy, passive or on-demand)
